<?xml version="1.0" encoding="UTF-8"?>
<!-- Generated by org.testng.reporters.JUnitXMLReporter -->
<testsuite hostname="DESKTOP-MFA0791" ignored="0" name="FreeCRM testing" tests="7" failures="0" timestamp="2020-05-05T22:28:52 BST" time="130.676" errors="0">
  <testcase name="loginPageTitleTest" time="0.068" classname="com.crm.qa.testcases.LoginPageTest"/>
  <testcase name="submitButtonEnableTest" time="0.367" classname="com.crm.qa.testcases.LoginPageTest"/>
  <testcase name="loginTest" time="0.914" classname="com.crm.qa.testcases.LoginPageTest"/>
  <testcase name="verifyTitleOfHomePageTest" time="0.013" classname="com.crm.qa.testcases.HomePageTest"/>
  <testcase name="verifyCorrectUserNameTest" time="1.702" classname="com.crm.qa.testcases.HomePageTest"/>
  <testcase name="verifyContactsLinkTest" time="2.544" classname="com.crm.qa.testcases.HomePageTest"/>
  <testcase name="verifyDealsLinkTest" time="1.877" classname="com.crm.qa.testcases.HomePageTest"/>
</testsuite> <!-- FreeCRM testing -->
