<?xml version="1.0" encoding="UTF-8"?>
<!-- Generated by org.testng.reporters.JUnitXMLReporter -->
<testsuite hostname="DESKTOP-MFA0791" ignored="0" name="Command line test" tests="9" failures="0" timestamp="2020-05-13T19:05:23 BST" time="51.568" errors="0">
  <testcase name="@BeforeMethod setUP" time="17.938" classname="com.crm.qa.testcases.ContactsPageTest">
    <failure type="org.openqa.selenium.SessionNotCreatedException" message="session not created
from chrome not reachable
  (Session info: chrome=81.0.4044.138)
Build info: version: &amp;apos;3.141.59&amp;apos;, revision: &amp;apos;e82be7d358&amp;apos;, time: &amp;apos;2018-11-14T08:17:03&amp;apos;
System info: host: &amp;apos;DESKTOP-MFA0791&amp;apos;, ip: &amp;apos;192.168.43.73&amp;apos;, os.name: &amp;apos;Windows 10&amp;apos;, os.arch: &amp;apos;amd64&amp;apos;, os.version: &amp;apos;10.0&amp;apos;, java.version: &amp;apos;1.8.0_251&amp;apos;
Driver info: driver.version: ChromeDriver
remote stacktrace: Backtrace:
	Ordinal0 [0x00E00C83+1707139]
	Ordinal0 [0x00D668F1+1075441]
	Ordinal0 [0x00CDDE72+515698]
	Ordinal0 [0x00CD7CA8+490664]
	Ordinal0 [0x00CD839B+492443]
	Ordinal0 [0x00CD92F5+496373]
	Ordinal0 [0x00CD4F05+478981]
	Ordinal0 [0x00CDECA0+519328]
	Ordinal0 [0x00C8CA67+182887]
	Ordinal0 [0x00C8BDDD+179677]
	Ordinal0 [0x00C89D4B+171339]
	Ordinal0 [0x00C71D4A+73034]
	Ordinal0 [0x00C72DC0+77248]
	Ordinal0 [0x00C72D59+77145]
	Ordinal0 [0x00D7BB67+1162087]
	GetHandleVerifier [0x00E9A966+508998]
	GetHandleVerifier [0x00E9A6A4+508292]
	GetHandleVerifier [0x00EAF7B7+594583]
	GetHandleVerifier [0x00E9B1D6+511158]
	Ordinal0 [0x00D7402C+1130540]
	Ordinal0 [0x00D7D4CB+1168587]
	Ordinal0 [0x00D7D633+1168947]
	Ordinal0 [0x00D95B35+1268533]
	BaseThreadInitThunk [0x74B06359+25]
	RtlGetAppContainerNamedObjectPath [0x77207B74+228]
	RtlGetAppContainerNamedObjectPath [0x77207B44+180]
">
      <![CDATA[org.openqa.selenium.SessionNotCreatedException: session not created
from chrome not reachable
  (Session info: chrome=81.0.4044.138)
Build info: version: '3.141.59', revision: 'e82be7d358', time: '2018-11-14T08:17:03'
System info: host: 'DESKTOP-MFA0791', ip: '192.168.43.73', os.name: 'Windows 10', os.arch: 'amd64', os.version: '10.0', java.version: '1.8.0_251'
Driver info: driver.version: ChromeDriver
remote stacktrace: Backtrace:
Ordinal0 [0x00E00C83+1707139]
Ordinal0 [0x00D668F1+1075441]
Ordinal0 [0x00CDDE72+515698]
Ordinal0 [0x00CD7CA8+490664]
Ordinal0 [0x00CD839B+492443]
Ordinal0 [0x00CD92F5+496373]
Ordinal0 [0x00CD4F05+478981]
Ordinal0 [0x00CDECA0+519328]
Ordinal0 [0x00C8CA67+182887]
Ordinal0 [0x00C8BDDD+179677]
Ordinal0 [0x00C89D4B+171339]
Ordinal0 [0x00C71D4A+73034]
Ordinal0 [0x00C72DC0+77248]
Ordinal0 [0x00C72D59+77145]
Ordinal0 [0x00D7BB67+1162087]
GetHandleVerifier [0x00E9A966+508998]
GetHandleVerifier [0x00E9A6A4+508292]
GetHandleVerifier [0x00EAF7B7+594583]
GetHandleVerifier [0x00E9B1D6+511158]
Ordinal0 [0x00D7402C+1130540]
Ordinal0 [0x00D7D4CB+1168587]
Ordinal0 [0x00D7D633+1168947]
Ordinal0 [0x00D95B35+1268533]
BaseThreadInitThunk [0x74B06359+25]
RtlGetAppContainerNamedObjectPath [0x77207B74+228]
RtlGetAppContainerNamedObjectPath [0x77207B44+180]

at org.openqa.selenium.remote.W3CHandshakeResponse.lambda$errorHandler$0(W3CHandshakeResponse.java:62)
at org.openqa.selenium.remote.HandshakeResponse.lambda$getResponseFunction$0(HandshakeResponse.java:30)
at org.openqa.selenium.remote.ProtocolHandshake.lambda$createSession$0(ProtocolHandshake.java:126)
at java.util.stream.ReferencePipeline$3$1.accept(Unknown Source)
at java.util.Spliterators$ArraySpliterator.tryAdvance(Unknown Source)
at java.util.stream.ReferencePipeline.forEachWithCancel(Unknown Source)
at java.util.stream.AbstractPipeline.copyIntoWithCancel(Unknown Source)
at java.util.stream.AbstractPipeline.copyInto(Unknown Source)
at java.util.stream.AbstractPipeline.wrapAndCopyInto(Unknown Source)
at java.util.stream.FindOps$FindOp.evaluateSequential(Unknown Source)
at java.util.stream.AbstractPipeline.evaluate(Unknown Source)
at java.util.stream.ReferencePipeline.findFirst(Unknown Source)
at org.openqa.selenium.remote.ProtocolHandshake.createSession(ProtocolHandshake.java:128)
at org.openqa.selenium.remote.ProtocolHandshake.createSession(ProtocolHandshake.java:74)
at org.openqa.selenium.remote.HttpCommandExecutor.execute(HttpCommandExecutor.java:136)
at org.openqa.selenium.remote.service.DriverCommandExecutor.execute(DriverCommandExecutor.java:83)
at org.openqa.selenium.remote.RemoteWebDriver.execute(RemoteWebDriver.java:552)
at org.openqa.selenium.remote.RemoteWebDriver.startSession(RemoteWebDriver.java:213)
at org.openqa.selenium.remote.RemoteWebDriver.<init>(RemoteWebDriver.java:131)
at org.openqa.selenium.chrome.ChromeDriver.<init>(ChromeDriver.java:181)
at org.openqa.selenium.chrome.ChromeDriver.<init>(ChromeDriver.java:168)
at org.openqa.selenium.chrome.ChromeDriver.<init>(ChromeDriver.java:123)
at com.crm.qa.base.TestBase.initialization(TestBase.java:45)
at com.crm.qa.testcases.ContactsPageTest.setUP(ContactsPageTest.java:37)
at java.util.ArrayList.forEach(Unknown Source)
... Removed 45 stack frames]]>
    </failure>
  </testcase> <!-- @BeforeMethod setUP -->
  <testcase name="@AfterMethod tearDown" time="-1.589393091334E9" classname="com.crm.qa.testcases.ContactsPageTest">
    <skipped/>
  </testcase> <!-- @AfterMethod tearDown -->
  <testcase name="@BeforeMethod setUP" time="-1.589393091335E9" classname="com.crm.qa.testcases.ContactsPageTest">
    <skipped/>
  </testcase> <!-- @BeforeMethod setUP -->
  <testcase name="@AfterMethod tearDown" time="-1.589393091336E9" classname="com.crm.qa.testcases.ContactsPageTest">
    <skipped/>
  </testcase> <!-- @AfterMethod tearDown -->
  <testcase name="@BeforeMethod setUP" time="-1.589393091337E9" classname="com.crm.qa.testcases.ContactsPageTest">
    <skipped/>
  </testcase> <!-- @BeforeMethod setUP -->
  <testcase name="@AfterMethod tearDown" time="-1.589393091338E9" classname="com.crm.qa.testcases.ContactsPageTest">
    <skipped/>
  </testcase> <!-- @AfterMethod tearDown -->
  <testcase name="@BeforeMethod setUP" time="-1.58939309134E9" classname="com.crm.qa.testcases.ContactsPageTest">
    <skipped/>
  </testcase> <!-- @BeforeMethod setUP -->
  <testcase name="@AfterMethod tearDown" time="-1.589393091342E9" classname="com.crm.qa.testcases.ContactsPageTest">
    <skipped/>
  </testcase> <!-- @AfterMethod tearDown -->
  <testcase name="@BeforeMethod setUP" time="16.112" classname="com.crm.qa.testcases.HomePageTest">
    <failure type="org.openqa.selenium.SessionNotCreatedException" message="session not created
from chrome not reachable
  (Session info: chrome=81.0.4044.138)
Build info: version: &amp;apos;3.141.59&amp;apos;, revision: &amp;apos;e82be7d358&amp;apos;, time: &amp;apos;2018-11-14T08:17:03&amp;apos;
System info: host: &amp;apos;DESKTOP-MFA0791&amp;apos;, ip: &amp;apos;192.168.43.73&amp;apos;, os.name: &amp;apos;Windows 10&amp;apos;, os.arch: &amp;apos;amd64&amp;apos;, os.version: &amp;apos;10.0&amp;apos;, java.version: &amp;apos;1.8.0_251&amp;apos;
Driver info: driver.version: ChromeDriver
remote stacktrace: Backtrace:
	Ordinal0 [0x00E00C83+1707139]
	Ordinal0 [0x00D668F1+1075441]
	Ordinal0 [0x00CDDE72+515698]
	Ordinal0 [0x00CD7CA8+490664]
	Ordinal0 [0x00CD839B+492443]
	Ordinal0 [0x00CD92F5+496373]
	Ordinal0 [0x00CD4F05+478981]
	Ordinal0 [0x00CDECA0+519328]
	Ordinal0 [0x00C8CA67+182887]
	Ordinal0 [0x00C8BDDD+179677]
	Ordinal0 [0x00C89D4B+171339]
	Ordinal0 [0x00C71D4A+73034]
	Ordinal0 [0x00C72DC0+77248]
	Ordinal0 [0x00C72D59+77145]
	Ordinal0 [0x00D7BB67+1162087]
	GetHandleVerifier [0x00E9A966+508998]
	GetHandleVerifier [0x00E9A6A4+508292]
	GetHandleVerifier [0x00EAF7B7+594583]
	GetHandleVerifier [0x00E9B1D6+511158]
	Ordinal0 [0x00D7402C+1130540]
	Ordinal0 [0x00D7D4CB+1168587]
	Ordinal0 [0x00D7D633+1168947]
	Ordinal0 [0x00D95B35+1268533]
	BaseThreadInitThunk [0x74B06359+25]
	RtlGetAppContainerNamedObjectPath [0x77207B74+228]
	RtlGetAppContainerNamedObjectPath [0x77207B44+180]
">
      <![CDATA[org.openqa.selenium.SessionNotCreatedException: session not created
from chrome not reachable
  (Session info: chrome=81.0.4044.138)
Build info: version: '3.141.59', revision: 'e82be7d358', time: '2018-11-14T08:17:03'
System info: host: 'DESKTOP-MFA0791', ip: '192.168.43.73', os.name: 'Windows 10', os.arch: 'amd64', os.version: '10.0', java.version: '1.8.0_251'
Driver info: driver.version: ChromeDriver
remote stacktrace: Backtrace:
Ordinal0 [0x00E00C83+1707139]
Ordinal0 [0x00D668F1+1075441]
Ordinal0 [0x00CDDE72+515698]
Ordinal0 [0x00CD7CA8+490664]
Ordinal0 [0x00CD839B+492443]
Ordinal0 [0x00CD92F5+496373]
Ordinal0 [0x00CD4F05+478981]
Ordinal0 [0x00CDECA0+519328]
Ordinal0 [0x00C8CA67+182887]
Ordinal0 [0x00C8BDDD+179677]
Ordinal0 [0x00C89D4B+171339]
Ordinal0 [0x00C71D4A+73034]
Ordinal0 [0x00C72DC0+77248]
Ordinal0 [0x00C72D59+77145]
Ordinal0 [0x00D7BB67+1162087]
GetHandleVerifier [0x00E9A966+508998]
GetHandleVerifier [0x00E9A6A4+508292]
GetHandleVerifier [0x00EAF7B7+594583]
GetHandleVerifier [0x00E9B1D6+511158]
Ordinal0 [0x00D7402C+1130540]
Ordinal0 [0x00D7D4CB+1168587]
Ordinal0 [0x00D7D633+1168947]
Ordinal0 [0x00D95B35+1268533]
BaseThreadInitThunk [0x74B06359+25]
RtlGetAppContainerNamedObjectPath [0x77207B74+228]
RtlGetAppContainerNamedObjectPath [0x77207B44+180]

at org.openqa.selenium.remote.W3CHandshakeResponse.lambda$errorHandler$0(W3CHandshakeResponse.java:62)
at org.openqa.selenium.remote.HandshakeResponse.lambda$getResponseFunction$0(HandshakeResponse.java:30)
at org.openqa.selenium.remote.ProtocolHandshake.lambda$createSession$0(ProtocolHandshake.java:126)
at java.util.stream.ReferencePipeline$3$1.accept(Unknown Source)
at java.util.Spliterators$ArraySpliterator.tryAdvance(Unknown Source)
at java.util.stream.ReferencePipeline.forEachWithCancel(Unknown Source)
at java.util.stream.AbstractPipeline.copyIntoWithCancel(Unknown Source)
at java.util.stream.AbstractPipeline.copyInto(Unknown Source)
at java.util.stream.AbstractPipeline.wrapAndCopyInto(Unknown Source)
at java.util.stream.FindOps$FindOp.evaluateSequential(Unknown Source)
at java.util.stream.AbstractPipeline.evaluate(Unknown Source)
at java.util.stream.ReferencePipeline.findFirst(Unknown Source)
at org.openqa.selenium.remote.ProtocolHandshake.createSession(ProtocolHandshake.java:128)
at org.openqa.selenium.remote.ProtocolHandshake.createSession(ProtocolHandshake.java:74)
at org.openqa.selenium.remote.HttpCommandExecutor.execute(HttpCommandExecutor.java:136)
at org.openqa.selenium.remote.service.DriverCommandExecutor.execute(DriverCommandExecutor.java:83)
at org.openqa.selenium.remote.RemoteWebDriver.execute(RemoteWebDriver.java:552)
at org.openqa.selenium.remote.RemoteWebDriver.startSession(RemoteWebDriver.java:213)
at org.openqa.selenium.remote.RemoteWebDriver.<init>(RemoteWebDriver.java:131)
at org.openqa.selenium.chrome.ChromeDriver.<init>(ChromeDriver.java:181)
at org.openqa.selenium.chrome.ChromeDriver.<init>(ChromeDriver.java:168)
at org.openqa.selenium.chrome.ChromeDriver.<init>(ChromeDriver.java:123)
at com.crm.qa.base.TestBase.initialization(TestBase.java:45)
at com.crm.qa.testcases.HomePageTest.setUP(HomePageTest.java:31)
at java.util.ArrayList.forEach(Unknown Source)
... Removed 45 stack frames]]>
    </failure>
  </testcase> <!-- @BeforeMethod setUP -->
  <testcase name="@AfterMethod tearDown" time="-1.589393107467E9" classname="com.crm.qa.testcases.HomePageTest">
    <skipped/>
  </testcase> <!-- @AfterMethod tearDown -->
  <testcase name="@BeforeMethod setUP" time="-1.589393107473E9" classname="com.crm.qa.testcases.HomePageTest">
    <skipped/>
  </testcase> <!-- @BeforeMethod setUP -->
  <testcase name="@AfterMethod tearDown" time="-1.589393107477E9" classname="com.crm.qa.testcases.HomePageTest">
    <skipped/>
  </testcase> <!-- @AfterMethod tearDown -->
  <testcase name="@BeforeMethod setUP" time="-1.589393107478E9" classname="com.crm.qa.testcases.HomePageTest">
    <skipped/>
  </testcase> <!-- @BeforeMethod setUP -->
  <testcase name="@AfterMethod tearDown" time="-1.589393107479E9" classname="com.crm.qa.testcases.HomePageTest">
    <skipped/>
  </testcase> <!-- @AfterMethod tearDown -->
  <testcase name="@BeforeMethod setUP" time="-1.58939310748E9" classname="com.crm.qa.testcases.HomePageTest">
    <skipped/>
  </testcase> <!-- @BeforeMethod setUP -->
  <testcase name="@AfterMethod tearDown" time="-1.589393107481E9" classname="com.crm.qa.testcases.HomePageTest">
    <skipped/>
  </testcase> <!-- @AfterMethod tearDown -->
  <testcase name="@BeforeMethod setUP" time="16.23" classname="com.crm.qa.testcases.LoginPageTest">
    <failure type="org.openqa.selenium.SessionNotCreatedException" message="session not created
from chrome not reachable
  (Session info: chrome=81.0.4044.138)
Build info: version: &amp;apos;3.141.59&amp;apos;, revision: &amp;apos;e82be7d358&amp;apos;, time: &amp;apos;2018-11-14T08:17:03&amp;apos;
System info: host: &amp;apos;DESKTOP-MFA0791&amp;apos;, ip: &amp;apos;192.168.43.73&amp;apos;, os.name: &amp;apos;Windows 10&amp;apos;, os.arch: &amp;apos;amd64&amp;apos;, os.version: &amp;apos;10.0&amp;apos;, java.version: &amp;apos;1.8.0_251&amp;apos;
Driver info: driver.version: ChromeDriver
remote stacktrace: Backtrace:
	Ordinal0 [0x00E00C83+1707139]
	Ordinal0 [0x00D668F1+1075441]
	Ordinal0 [0x00CDDE72+515698]
	Ordinal0 [0x00CD7CA8+490664]
	Ordinal0 [0x00CD839B+492443]
	Ordinal0 [0x00CD92F5+496373]
	Ordinal0 [0x00CD4F05+478981]
	Ordinal0 [0x00CDECA0+519328]
	Ordinal0 [0x00C8CA67+182887]
	Ordinal0 [0x00C8BDDD+179677]
	Ordinal0 [0x00C89D4B+171339]
	Ordinal0 [0x00C71D4A+73034]
	Ordinal0 [0x00C72DC0+77248]
	Ordinal0 [0x00C72D59+77145]
	Ordinal0 [0x00D7BB67+1162087]
	GetHandleVerifier [0x00E9A966+508998]
	GetHandleVerifier [0x00E9A6A4+508292]
	GetHandleVerifier [0x00EAF7B7+594583]
	GetHandleVerifier [0x00E9B1D6+511158]
	Ordinal0 [0x00D7402C+1130540]
	Ordinal0 [0x00D7D4CB+1168587]
	Ordinal0 [0x00D7D633+1168947]
	Ordinal0 [0x00D95B35+1268533]
	BaseThreadInitThunk [0x74B06359+25]
	RtlGetAppContainerNamedObjectPath [0x77207B74+228]
	RtlGetAppContainerNamedObjectPath [0x77207B44+180]
">
      <![CDATA[org.openqa.selenium.SessionNotCreatedException: session not created
from chrome not reachable
  (Session info: chrome=81.0.4044.138)
Build info: version: '3.141.59', revision: 'e82be7d358', time: '2018-11-14T08:17:03'
System info: host: 'DESKTOP-MFA0791', ip: '192.168.43.73', os.name: 'Windows 10', os.arch: 'amd64', os.version: '10.0', java.version: '1.8.0_251'
Driver info: driver.version: ChromeDriver
remote stacktrace: Backtrace:
Ordinal0 [0x00E00C83+1707139]
Ordinal0 [0x00D668F1+1075441]
Ordinal0 [0x00CDDE72+515698]
Ordinal0 [0x00CD7CA8+490664]
Ordinal0 [0x00CD839B+492443]
Ordinal0 [0x00CD92F5+496373]
Ordinal0 [0x00CD4F05+478981]
Ordinal0 [0x00CDECA0+519328]
Ordinal0 [0x00C8CA67+182887]
Ordinal0 [0x00C8BDDD+179677]
Ordinal0 [0x00C89D4B+171339]
Ordinal0 [0x00C71D4A+73034]
Ordinal0 [0x00C72DC0+77248]
Ordinal0 [0x00C72D59+77145]
Ordinal0 [0x00D7BB67+1162087]
GetHandleVerifier [0x00E9A966+508998]
GetHandleVerifier [0x00E9A6A4+508292]
GetHandleVerifier [0x00EAF7B7+594583]
GetHandleVerifier [0x00E9B1D6+511158]
Ordinal0 [0x00D7402C+1130540]
Ordinal0 [0x00D7D4CB+1168587]
Ordinal0 [0x00D7D633+1168947]
Ordinal0 [0x00D95B35+1268533]
BaseThreadInitThunk [0x74B06359+25]
RtlGetAppContainerNamedObjectPath [0x77207B74+228]
RtlGetAppContainerNamedObjectPath [0x77207B44+180]

at org.openqa.selenium.remote.W3CHandshakeResponse.lambda$errorHandler$0(W3CHandshakeResponse.java:62)
at org.openqa.selenium.remote.HandshakeResponse.lambda$getResponseFunction$0(HandshakeResponse.java:30)
at org.openqa.selenium.remote.ProtocolHandshake.lambda$createSession$0(ProtocolHandshake.java:126)
at java.util.stream.ReferencePipeline$3$1.accept(Unknown Source)
at java.util.Spliterators$ArraySpliterator.tryAdvance(Unknown Source)
at java.util.stream.ReferencePipeline.forEachWithCancel(Unknown Source)
at java.util.stream.AbstractPipeline.copyIntoWithCancel(Unknown Source)
at java.util.stream.AbstractPipeline.copyInto(Unknown Source)
at java.util.stream.AbstractPipeline.wrapAndCopyInto(Unknown Source)
at java.util.stream.FindOps$FindOp.evaluateSequential(Unknown Source)
at java.util.stream.AbstractPipeline.evaluate(Unknown Source)
at java.util.stream.ReferencePipeline.findFirst(Unknown Source)
at org.openqa.selenium.remote.ProtocolHandshake.createSession(ProtocolHandshake.java:128)
at org.openqa.selenium.remote.ProtocolHandshake.createSession(ProtocolHandshake.java:74)
at org.openqa.selenium.remote.HttpCommandExecutor.execute(HttpCommandExecutor.java:136)
at org.openqa.selenium.remote.service.DriverCommandExecutor.execute(DriverCommandExecutor.java:83)
at org.openqa.selenium.remote.RemoteWebDriver.execute(RemoteWebDriver.java:552)
at org.openqa.selenium.remote.RemoteWebDriver.startSession(RemoteWebDriver.java:213)
at org.openqa.selenium.remote.RemoteWebDriver.<init>(RemoteWebDriver.java:131)
at org.openqa.selenium.chrome.ChromeDriver.<init>(ChromeDriver.java:181)
at org.openqa.selenium.chrome.ChromeDriver.<init>(ChromeDriver.java:168)
at org.openqa.selenium.chrome.ChromeDriver.<init>(ChromeDriver.java:123)
at com.crm.qa.base.TestBase.initialization(TestBase.java:45)
at com.crm.qa.testcases.LoginPageTest.setUP(LoginPageTest.java:27)
at java.util.ArrayList.forEach(Unknown Source)
... Removed 45 stack frames]]>
    </failure>
  </testcase> <!-- @BeforeMethod setUP -->
  <testcase name="@AfterMethod tearDown" time="-1.589393123716E9" classname="com.crm.qa.testcases.LoginPageTest">
    <skipped/>
  </testcase> <!-- @AfterMethod tearDown -->
  <testcase name="createNewContactFromExcelTestData" time="0.0" classname="com.crm.qa.testcases.ContactsPageTest">
    <skipped/>
  </testcase> <!-- createNewContactFromExcelTestData -->
  <testcase name="createNewContactFromExcelTestData" time="0.0" classname="com.crm.qa.testcases.ContactsPageTest">
    <skipped/>
  </testcase> <!-- createNewContactFromExcelTestData -->
  <testcase name="createNewContactFromExcelTestData" time="0.0" classname="com.crm.qa.testcases.ContactsPageTest">
    <skipped/>
  </testcase> <!-- createNewContactFromExcelTestData -->
  <testcase name="createNewContactFromExcelTestData" time="0.0" classname="com.crm.qa.testcases.ContactsPageTest">
    <skipped/>
  </testcase> <!-- createNewContactFromExcelTestData -->
  <testcase name="verifyTitleOfHomePageTest" time="0.0" classname="com.crm.qa.testcases.HomePageTest">
    <skipped/>
  </testcase> <!-- verifyTitleOfHomePageTest -->
  <testcase name="verifyCorrectUserNameTest" time="0.0" classname="com.crm.qa.testcases.HomePageTest">
    <skipped/>
  </testcase> <!-- verifyCorrectUserNameTest -->
  <testcase name="verifyContactsLinkTest" time="0.0" classname="com.crm.qa.testcases.HomePageTest">
    <skipped/>
  </testcase> <!-- verifyContactsLinkTest -->
  <testcase name="verifyDealsLinkTest" time="0.0" classname="com.crm.qa.testcases.HomePageTest">
    <skipped/>
  </testcase> <!-- verifyDealsLinkTest -->
  <testcase name="loginTest" time="0.0" classname="com.crm.qa.testcases.LoginPageTest">
    <skipped/>
  </testcase> <!-- loginTest -->
</testsuite> <!-- Command line test -->
