<?xml version="1.0" encoding="UTF-8" ?>
<testsuite tests="9" failures="1" name="TestSuite" time="50.909" errors="0" skipped="0">
  <properties>
[...]
</properties>
  <testcase classname="com.crm.qa.testcases.ContactsPageTest" name="createNewContactFromExcelTestData" time="26.257">
    <failure message="no such element: Unable to locate element: {&quot;method&quot;:&quot;css selector&quot;,&quot;selector&quot;:&quot;*[name=&apos;first_name&apos;]&quot;}
  (Session info: chrome=81.0.4044.138)
For documentation on this error, please visit: https://www.seleniumhq.org/exceptions/no_such_element.html
Build info: version: &apos;3.141.59&apos;, revision: &apos;e82be7d358&apos;, time: &apos;2018-11-14T08:17:03&apos;
System info: host: &apos;DESKTOP-MFA0791&apos;, ip: &apos;192.168.43.73&apos;, os.name: &apos;Windows 10&apos;, os.arch: &apos;amd64&apos;, os.version: &apos;10.0&apos;, java.version: &apos;1.8.0_251&apos;
Driver info: org.openqa.selenium.chrome.ChromeDriver
Capabilities {acceptInsecureCerts: false, browserName: chrome, browserVersion: 81.0.4044.138, chrome: {chromedriverVersion: 80.0.3987.106 (f68069574609..., userDataDir: C:\Users\Dell\AppData\Local...}, goog:chromeOptions: {debuggerAddress: localhost:61226}, javascriptEnabled: true, networkConnectionEnabled: false, pageLoadStrategy: normal, platform: WINDOWS, platformName: WINDOWS, proxy: Proxy(), setWindowRect: true, strictFileInteractability: false, timeouts: {implicit: 0, pageLoad: 300000, script: 30000}, unhandledPromptBehavior: dismiss and notify}
Session ID: e78f75c9e8f9490ac93f7795f487d608
*** Element info: {Using=name, value=first_name}" type="org.openqa.selenium.NoSuchElementException">org.openqa.selenium.NoSuchElementException: no such element: Unable to locate element: {&quot;method&quot;:&quot;css selector&quot;,&quot;selector&quot;:&quot;*[name=&apos;first_name&apos;]&quot;}
  (Session info: chrome=81.0.4044.138)
For documentation on this error, please visit: https://www.seleniumhq.org/exceptions/no_such_element.html
Build info: version: &apos;3.141.59&apos;, revision: &apos;e82be7d358&apos;, time: &apos;2018-11-14T08:17:03&apos;
System info: host: &apos;DESKTOP-MFA0791&apos;, ip: &apos;192.168.43.73&apos;, os.name: &apos;Windows 10&apos;, os.arch: &apos;amd64&apos;, os.version: &apos;10.0&apos;, java.version: &apos;1.8.0_251&apos;
Driver info: org.openqa.selenium.chrome.ChromeDriver
Capabilities {acceptInsecureCerts: false, browserName: chrome, browserVersion: 81.0.4044.138, chrome: {chromedriverVersion: 80.0.3987.106 (f68069574609..., userDataDir: C:\Users\Dell\AppData\Local...}, goog:chromeOptions: {debuggerAddress: localhost:61226}, javascriptEnabled: true, networkConnectionEnabled: false, pageLoadStrategy: normal, platform: WINDOWS, platformName: WINDOWS, proxy: Proxy(), setWindowRect: true, strictFileInteractability: false, timeouts: {implicit: 0, pageLoad: 300000, script: 30000}, unhandledPromptBehavior: dismiss and notify}
Session ID: e78f75c9e8f9490ac93f7795f487d608
*** Element info: {Using=name, value=first_name}
	at sun.reflect.NativeConstructorAccessorImpl.newInstance0(Native Method)
	at sun.reflect.NativeConstructorAccessorImpl.newInstance(Unknown Source)
	at sun.reflect.DelegatingConstructorAccessorImpl.newInstance(Unknown Source)
	at java.lang.reflect.Constructor.newInstance(Unknown Source)
	at org.openqa.selenium.remote.http.W3CHttpResponseCodec.createException(W3CHttpResponseCodec.java:187)
	at org.openqa.selenium.remote.http.W3CHttpResponseCodec.decode(W3CHttpResponseCodec.java:122)
	at org.openqa.selenium.remote.http.W3CHttpResponseCodec.decode(W3CHttpResponseCodec.java:49)
	at org.openqa.selenium.remote.HttpCommandExecutor.execute(HttpCommandExecutor.java:158)
	at org.openqa.selenium.remote.service.DriverCommandExecutor.execute(DriverCommandExecutor.java:83)
	at org.openqa.selenium.remote.RemoteWebDriver.execute(RemoteWebDriver.java:552)
	at org.openqa.selenium.remote.RemoteWebDriver.findElement(RemoteWebDriver.java:323)
	at org.openqa.selenium.remote.RemoteWebDriver.findElementByName(RemoteWebDriver.java:404)
	at org.openqa.selenium.By$ByName.findElement(By.java:284)
	at org.openqa.selenium.remote.RemoteWebDriver.findElement(RemoteWebDriver.java:315)
	at sun.reflect.NativeMethodAccessorImpl.invoke0(Native Method)
	at sun.reflect.NativeMethodAccessorImpl.invoke(Unknown Source)
	at sun.reflect.DelegatingMethodAccessorImpl.invoke(Unknown Source)
	at java.lang.reflect.Method.invoke(Unknown Source)
	at org.openqa.selenium.support.events.EventFiringWebDriver.lambda$new$1(EventFiringWebDriver.java:105)
	at com.sun.proxy.$Proxy6.findElement(Unknown Source)
	at org.openqa.selenium.support.events.EventFiringWebDriver.findElement(EventFiringWebDriver.java:194)
	at org.openqa.selenium.support.pagefactory.DefaultElementLocator.findElement(DefaultElementLocator.java:69)
	at org.openqa.selenium.support.pagefactory.internal.LocatingElementHandler.invoke(LocatingElementHandler.java:38)
	at com.sun.proxy.$Proxy10.sendKeys(Unknown Source)
	at com.crm.qa.pages.ContactsPage.createNewContacts(ContactsPage.java:54)
	at com.crm.qa.testcases.ContactsPageTest.createNewContactFromExcelTestData(ContactsPageTest.java:50)
</failure>
    <system-out>Configuring TestNG with: org.apache.maven.surefire.testng.conf.TestNG652Configurator@52d455b8
Before navigating to: &apos;https://ui.freecrm.com/&apos;
Navigated to:&apos;https://ui.freecrm.com/&apos;
Trying to find Element By : By.xpath: //input[@name=&apos;email&apos;]
Found Element By : By.xpath: //input[@name=&apos;email&apos;]
Trying to find Element By : By.xpath: //input[@name=&apos;email&apos;]
Found Element By : By.xpath: //input[@name=&apos;email&apos;]
Trying to find Element By : By.xpath: //input[@name=&apos;password&apos;]
Found Element By : By.xpath: //input[@name=&apos;password&apos;]
Trying to find Element By : By.xpath: //input[@name=&apos;password&apos;]
Found Element By : By.xpath: //input[@name=&apos;password&apos;]
Trying to find Element By : By.xpath: //div[contains(text(),&apos;Login&apos;) and @class=&apos;ui fluid large blue submit button&apos;]
Found Element By : By.xpath: //div[contains(text(),&apos;Login&apos;) and @class=&apos;ui fluid large blue submit button&apos;]
Trying to click on: [[ChromeDriver: chrome on WINDOWS (e78f75c9e8f9490ac93f7795f487d608)] -&gt; xpath: //div[contains(text(),&apos;Login&apos;) and @class=&apos;ui fluid large blue submit button&apos;]]
Clicked on: [[ChromeDriver: chrome on WINDOWS (e78f75c9e8f9490ac93f7795f487d608)] -&gt; xpath: //div[contains(text(),&apos;Login&apos;) and @class=&apos;ui fluid large blue submit button&apos;]]
Trying to find Element By : By.xpath: //span[contains(text(),&apos;Contacts&apos;) and @class=&apos;item-text&apos;]
Found Element By : By.xpath: //span[contains(text(),&apos;Contacts&apos;) and @class=&apos;item-text&apos;]
Trying to click on: [[ChromeDriver: chrome on WINDOWS (e78f75c9e8f9490ac93f7795f487d608)] -&gt; xpath: //span[contains(text(),&apos;Contacts&apos;) and @class=&apos;item-text&apos;]]
Clicked on: [[ChromeDriver: chrome on WINDOWS (e78f75c9e8f9490ac93f7795f487d608)] -&gt; xpath: //span[contains(text(),&apos;Contacts&apos;) and @class=&apos;item-text&apos;]]
Trying to find Element By : By.xpath: //button[contains(text(),&apos;New&apos;)]
Found Element By : By.xpath: //button[contains(text(),&apos;New&apos;)]
Trying to click on: [[ChromeDriver: chrome on WINDOWS (e78f75c9e8f9490ac93f7795f487d608)] -&gt; xpath: //button[contains(text(),&apos;New&apos;)]]
Clicked on: [[ChromeDriver: chrome on WINDOWS (e78f75c9e8f9490ac93f7795f487d608)] -&gt; xpath: //button[contains(text(),&apos;New&apos;)]]
Trying to find Element By : By.name: first_name
Exception occured: org.openqa.selenium.NoSuchElementException: no such element: Unable to locate element: {&quot;method&quot;:&quot;css selector&quot;,&quot;selector&quot;:&quot;*[name=&apos;first_name&apos;]&quot;}
  (Session info: chrome=81.0.4044.138)
For documentation on this error, please visit: https://www.seleniumhq.org/exceptions/no_such_element.html
Build info: version: &apos;3.141.59&apos;, revision: &apos;e82be7d358&apos;, time: &apos;2018-11-14T08:17:03&apos;
System info: host: &apos;DESKTOP-MFA0791&apos;, ip: &apos;192.168.43.73&apos;, os.name: &apos;Windows 10&apos;, os.arch: &apos;amd64&apos;, os.version: &apos;10.0&apos;, java.version: &apos;1.8.0_251&apos;
Driver info: org.openqa.selenium.chrome.ChromeDriver
Capabilities {acceptInsecureCerts: false, browserName: chrome, browserVersion: 81.0.4044.138, chrome: {chromedriverVersion: 80.0.3987.106 (f68069574609..., userDataDir: C:\Users\Dell\AppData\Local...}, goog:chromeOptions: {debuggerAddress: localhost:61226}, javascriptEnabled: true, networkConnectionEnabled: false, pageLoadStrategy: normal, platform: WINDOWS, platformName: WINDOWS, proxy: Proxy(), setWindowRect: true, strictFileInteractability: false, timeouts: {implicit: 0, pageLoad: 300000, script: 30000}, unhandledPromptBehavior: dismiss and notify}
Session ID: e78f75c9e8f9490ac93f7795f487d608
*** Element info: {Using=name, value=first_name}
</system-out>
    <system-err>Starting ChromeDriver 80.0.3987.106 (f68069574609230cf9b635cd784cfb1bf81bb53a-refs/branch-heads/3987@{#882}) on port 22310
Only local connections are allowed.
Please protect ports used by ChromeDriver and related test frameworks to prevent access by malicious code.
[1589287060.823][WARNING]: This version of ChromeDriver has not been tested with Chrome version 81.
[1589287062.885][WARNING]: Timed out connecting to Chrome, retrying...
May 12, 2020 1:37:45 PM org.openqa.selenium.remote.ProtocolHandshake createSession
INFO: Detected dialect: W3C
[1589287067.159][WARNING]: Timed out connecting to Chrome, retrying...
[1589287069.907][SEVERE]: Timed out receiving message from renderer: 0.100
[1589287070.227][SEVERE]: Timed out receiving message from renderer: 0.100
[1589287070.328][SEVERE]: Timed out receiving message from renderer: 0.100
[1589287070.467][SEVERE]: Timed out receiving message from renderer: 0.100
[1589287070.572][SEVERE]: Timed out receiving message from renderer: 0.100
[1589287070.779][SEVERE]: Timed out receiving message from renderer: 0.100
[1589287071.783][SEVERE]: Timed out receiving message from renderer: 0.100
[1589287077.398][SEVERE]: Timed out receiving message from renderer: 0.100
[1589287078.789][SEVERE]: Timed out receiving message from renderer: 0.100
</system-err>
  </testcase>
  <testcase classname="com.crm.qa.testcases.ContactsPageTest" name="createNewContactFromExcelTestData" time="7.005"/>
  <testcase classname="com.crm.qa.testcases.ContactsPageTest" name="createNewContactFromExcelTestData" time="5.709"/>
  <testcase classname="com.crm.qa.testcases.ContactsPageTest" name="createNewContactFromExcelTestData" time="6.173"/>
  <testcase classname="com.crm.qa.testcases.HomePageTest" name="verifyTitleOfHomePageTest" time="0.02"/>
  <testcase classname="com.crm.qa.testcases.HomePageTest" name="verifyCorrectUserNameTest" time="1.612"/>
  <testcase classname="com.crm.qa.testcases.HomePageTest" name="verifyContactsLinkTest" time="1.623"/>
  <testcase classname="com.crm.qa.testcases.HomePageTest" name="verifyDealsLinkTest" time="1.681"/>
  <testcase classname="com.crm.qa.testcases.LoginPageTest" name="loginTest" time="0.829"/>
</testsuite>