<?xml version="1.0" encoding="UTF-8"?>
<testng-results skipped="0" failed="1" ignored="0" total="9" passed="8">
  <reporter-output>
  </reporter-output>
  <suite name="FREE CRM Application Test Automation Test Suite" duration-ms="182668" started-at="2020-05-12T13:50:40 BST" finished-at="2020-05-12T13:53:43 BST">
    <groups>
    </groups>
    <test name="Free CRM App Test Cases" duration-ms="182668" started-at="2020-05-12T13:50:40 BST" finished-at="2020-05-12T13:53:43 BST">
      <class name="com.crm.qa.testcases.HomePageTest">
        <test-method status="PASS" signature="setUP()[pri:0, instance:com.crm.qa.testcases.HomePageTest@646d64ab]" name="setUP" is-config="true" duration-ms="14548" started-at="2020-05-12T13:50:59 BST" finished-at="2020-05-12T13:51:14 BST">
          <reporter-output>
          </reporter-output>
        </test-method> <!-- setUP -->
        <test-method status="PASS" signature="verifyTitleOfHomePageTest()[pri:1, instance:com.crm.qa.testcases.HomePageTest@646d64ab]" name="verifyTitleOfHomePageTest" duration-ms="15" started-at="2020-05-12T13:51:14 BST" finished-at="2020-05-12T13:51:14 BST">
          <reporter-output>
          </reporter-output>
        </test-method> <!-- verifyTitleOfHomePageTest -->
        <test-method status="PASS" signature="tearDown()[pri:0, instance:com.crm.qa.testcases.HomePageTest@646d64ab]" name="tearDown" is-config="true" duration-ms="720" started-at="2020-05-12T13:51:14 BST" finished-at="2020-05-12T13:51:14 BST">
          <reporter-output>
          </reporter-output>
        </test-method> <!-- tearDown -->
        <test-method status="PASS" signature="setUP()[pri:0, instance:com.crm.qa.testcases.HomePageTest@646d64ab]" name="setUP" is-config="true" duration-ms="14046" started-at="2020-05-12T13:51:14 BST" finished-at="2020-05-12T13:51:29 BST">
          <reporter-output>
          </reporter-output>
        </test-method> <!-- setUP -->
        <test-method status="PASS" signature="verifyCorrectUserNameTest()[pri:2, instance:com.crm.qa.testcases.HomePageTest@646d64ab]" name="verifyCorrectUserNameTest" duration-ms="1420" started-at="2020-05-12T13:51:29 BST" finished-at="2020-05-12T13:51:30 BST">
          <reporter-output>
          </reporter-output>
        </test-method> <!-- verifyCorrectUserNameTest -->
        <test-method status="PASS" signature="tearDown()[pri:0, instance:com.crm.qa.testcases.HomePageTest@646d64ab]" name="tearDown" is-config="true" duration-ms="803" started-at="2020-05-12T13:51:30 BST" finished-at="2020-05-12T13:51:31 BST">
          <reporter-output>
          </reporter-output>
        </test-method> <!-- tearDown -->
        <test-method status="PASS" signature="setUP()[pri:0, instance:com.crm.qa.testcases.HomePageTest@646d64ab]" name="setUP" is-config="true" duration-ms="13023" started-at="2020-05-12T13:51:31 BST" finished-at="2020-05-12T13:51:44 BST">
          <reporter-output>
          </reporter-output>
        </test-method> <!-- setUP -->
        <test-method status="PASS" signature="verifyContactsLinkTest()[pri:3, instance:com.crm.qa.testcases.HomePageTest@646d64ab]" name="verifyContactsLinkTest" duration-ms="1672" started-at="2020-05-12T13:51:44 BST" finished-at="2020-05-12T13:51:45 BST">
          <reporter-output>
          </reporter-output>
        </test-method> <!-- verifyContactsLinkTest -->
        <test-method status="PASS" signature="tearDown()[pri:0, instance:com.crm.qa.testcases.HomePageTest@646d64ab]" name="tearDown" is-config="true" duration-ms="1191" started-at="2020-05-12T13:51:45 BST" finished-at="2020-05-12T13:51:47 BST">
          <reporter-output>
          </reporter-output>
        </test-method> <!-- tearDown -->
        <test-method status="PASS" signature="setUP()[pri:0, instance:com.crm.qa.testcases.HomePageTest@646d64ab]" name="setUP" is-config="true" duration-ms="12620" started-at="2020-05-12T13:51:47 BST" finished-at="2020-05-12T13:51:59 BST">
          <reporter-output>
          </reporter-output>
        </test-method> <!-- setUP -->
        <test-method status="PASS" signature="verifyDealsLinkTest()[pri:4, instance:com.crm.qa.testcases.HomePageTest@646d64ab]" name="verifyDealsLinkTest" duration-ms="1723" started-at="2020-05-12T13:51:59 BST" finished-at="2020-05-12T13:52:01 BST">
          <reporter-output>
          </reporter-output>
        </test-method> <!-- verifyDealsLinkTest -->
        <test-method status="PASS" signature="tearDown()[pri:0, instance:com.crm.qa.testcases.HomePageTest@646d64ab]" name="tearDown" is-config="true" duration-ms="821" started-at="2020-05-12T13:52:01 BST" finished-at="2020-05-12T13:52:02 BST">
          <reporter-output>
          </reporter-output>
        </test-method> <!-- tearDown -->
      </class> <!-- com.crm.qa.testcases.HomePageTest -->
      <class name="com.crm.qa.testcases.ContactsPageTest">
        <test-method status="PASS" signature="setUP()[pri:0, instance:com.crm.qa.testcases.ContactsPageTest@59e5ddf]" name="setUP" is-config="true" duration-ms="12951" started-at="2020-05-12T13:52:03 BST" finished-at="2020-05-12T13:52:16 BST">
          <reporter-output>
          </reporter-output>
        </test-method> <!-- setUP -->
        <test-method status="PASS" signature="createNewContactFromExcelTestData(java.lang.String, java.lang.String, java.lang.String)[pri:0, instance:com.crm.qa.testcases.ContactsPageTest@59e5ddf]" name="createNewContactFromExcelTestData" duration-ms="6041" started-at="2020-05-12T13:52:16 BST" data-provider="createCRMContacts" finished-at="2020-05-12T13:52:22 BST">
          <params>
            <param index="0">
              <value>
                <![CDATA[shantnu]]>
              </value>
            </param>
            <param index="1">
              <value>
                <![CDATA[B]]>
              </value>
            </param>
            <param index="2">
              <value>
                <![CDATA[Gogle]]>
              </value>
            </param>
          </params>
          <reporter-output>
          </reporter-output>
        </test-method> <!-- createNewContactFromExcelTestData -->
        <test-method status="PASS" signature="tearDown()[pri:0, instance:com.crm.qa.testcases.ContactsPageTest@59e5ddf]" name="tearDown" is-config="true" duration-ms="787" started-at="2020-05-12T13:52:22 BST" finished-at="2020-05-12T13:52:22 BST">
          <reporter-output>
          </reporter-output>
        </test-method> <!-- tearDown -->
        <test-method status="PASS" signature="setUP()[pri:0, instance:com.crm.qa.testcases.ContactsPageTest@59e5ddf]" name="setUP" is-config="true" duration-ms="13533" started-at="2020-05-12T13:52:22 BST" finished-at="2020-05-12T13:52:36 BST">
          <reporter-output>
          </reporter-output>
        </test-method> <!-- setUP -->
        <test-method status="FAIL" signature="createNewContactFromExcelTestData(java.lang.String, java.lang.String, java.lang.String)[pri:0, instance:com.crm.qa.testcases.ContactsPageTest@59e5ddf]" name="createNewContactFromExcelTestData" duration-ms="24631" started-at="2020-05-12T13:52:36 BST" data-provider="createCRMContacts" finished-at="2020-05-12T13:53:01 BST">
          <params>
            <param index="0">
              <value>
                <![CDATA[harry]]>
              </value>
            </param>
            <param index="1">
              <value>
                <![CDATA[C]]>
              </value>
            </param>
            <param index="2">
              <value>
                <![CDATA[togle]]>
              </value>
            </param>
          </params>
          <exception class="org.openqa.selenium.NoSuchElementException">
            <message>
              <![CDATA[no such element: Unable to locate element: {"method":"css selector","selector":"*[name='first_name']"}
  (Session info: chrome=81.0.4044.138)
For documentation on this error, please visit: https://www.seleniumhq.org/exceptions/no_such_element.html
Build info: version: '3.141.59', revision: 'e82be7d358', time: '2018-11-14T08:17:03'
System info: host: 'DESKTOP-MFA0791', ip: '192.168.43.73', os.name: 'Windows 10', os.arch: 'amd64', os.version: '10.0', java.version: '1.8.0_251'
Driver info: org.openqa.selenium.chrome.ChromeDriver
Capabilities {acceptInsecureCerts: false, browserName: chrome, browserVersion: 81.0.4044.138, chrome: {chromedriverVersion: 80.0.3987.106 (f68069574609..., userDataDir: C:\Users\Dell\AppData\Local...}, goog:chromeOptions: {debuggerAddress: localhost:62218}, javascriptEnabled: true, networkConnectionEnabled: false, pageLoadStrategy: normal, platform: WINDOWS, platformName: WINDOWS, proxy: Proxy(), setWindowRect: true, strictFileInteractability: false, timeouts: {implicit: 0, pageLoad: 300000, script: 30000}, unhandledPromptBehavior: dismiss and notify}
Session ID: 9a8381a05d7d9764d777d668e4189da8
*** Element info: {Using=name, value=first_name}]]>
            </message>
            <full-stacktrace>
              <![CDATA[org.openqa.selenium.NoSuchElementException: no such element: Unable to locate element: {"method":"css selector","selector":"*[name='first_name']"}
  (Session info: chrome=81.0.4044.138)
For documentation on this error, please visit: https://www.seleniumhq.org/exceptions/no_such_element.html
Build info: version: '3.141.59', revision: 'e82be7d358', time: '2018-11-14T08:17:03'
System info: host: 'DESKTOP-MFA0791', ip: '192.168.43.73', os.name: 'Windows 10', os.arch: 'amd64', os.version: '10.0', java.version: '1.8.0_251'
Driver info: org.openqa.selenium.chrome.ChromeDriver
Capabilities {acceptInsecureCerts: false, browserName: chrome, browserVersion: 81.0.4044.138, chrome: {chromedriverVersion: 80.0.3987.106 (f68069574609..., userDataDir: C:\Users\Dell\AppData\Local...}, goog:chromeOptions: {debuggerAddress: localhost:62218}, javascriptEnabled: true, networkConnectionEnabled: false, pageLoadStrategy: normal, platform: WINDOWS, platformName: WINDOWS, proxy: Proxy(), setWindowRect: true, strictFileInteractability: false, timeouts: {implicit: 0, pageLoad: 300000, script: 30000}, unhandledPromptBehavior: dismiss and notify}
Session ID: 9a8381a05d7d9764d777d668e4189da8
*** Element info: {Using=name, value=first_name}
at sun.reflect.NativeConstructorAccessorImpl.newInstance0(Native Method)
at sun.reflect.NativeConstructorAccessorImpl.newInstance(NativeConstructorAccessorImpl.java:62)
at sun.reflect.DelegatingConstructorAccessorImpl.newInstance(DelegatingConstructorAccessorImpl.java:45)
at java.lang.reflect.Constructor.newInstance(Constructor.java:423)
at org.openqa.selenium.remote.http.W3CHttpResponseCodec.createException(W3CHttpResponseCodec.java:187)
at org.openqa.selenium.remote.http.W3CHttpResponseCodec.decode(W3CHttpResponseCodec.java:122)
at org.openqa.selenium.remote.http.W3CHttpResponseCodec.decode(W3CHttpResponseCodec.java:49)
at org.openqa.selenium.remote.HttpCommandExecutor.execute(HttpCommandExecutor.java:158)
at org.openqa.selenium.remote.service.DriverCommandExecutor.execute(DriverCommandExecutor.java:83)
at org.openqa.selenium.remote.RemoteWebDriver.execute(RemoteWebDriver.java:552)
at org.openqa.selenium.remote.RemoteWebDriver.findElement(RemoteWebDriver.java:323)
at org.openqa.selenium.remote.RemoteWebDriver.findElementByName(RemoteWebDriver.java:404)
at org.openqa.selenium.By$ByName.findElement(By.java:284)
at org.openqa.selenium.remote.RemoteWebDriver.findElement(RemoteWebDriver.java:315)
at sun.reflect.GeneratedMethodAccessor2.invoke(Unknown Source)
at sun.reflect.DelegatingMethodAccessorImpl.invoke(DelegatingMethodAccessorImpl.java:43)
at java.lang.reflect.Method.invoke(Method.java:498)
at org.openqa.selenium.support.events.EventFiringWebDriver.lambda$new$1(EventFiringWebDriver.java:105)
at com.sun.proxy.$Proxy8.findElement(Unknown Source)
at org.openqa.selenium.support.events.EventFiringWebDriver.findElement(EventFiringWebDriver.java:194)
at org.openqa.selenium.support.pagefactory.DefaultElementLocator.findElement(DefaultElementLocator.java:69)
at org.openqa.selenium.support.pagefactory.internal.LocatingElementHandler.invoke(LocatingElementHandler.java:38)
at com.sun.proxy.$Proxy12.sendKeys(Unknown Source)
at com.crm.qa.pages.ContactsPage.createNewContacts(ContactsPage.java:54)
at com.crm.qa.testcases.ContactsPageTest.createNewContactFromExcelTestData(ContactsPageTest.java:50)
at sun.reflect.NativeMethodAccessorImpl.invoke0(Native Method)
at sun.reflect.NativeMethodAccessorImpl.invoke(NativeMethodAccessorImpl.java:62)
at sun.reflect.DelegatingMethodAccessorImpl.invoke(DelegatingMethodAccessorImpl.java:43)
at java.lang.reflect.Method.invoke(Method.java:498)
at org.testng.internal.MethodInvocationHelper.invokeMethod(MethodInvocationHelper.java:134)
at org.testng.internal.TestInvoker.invokeMethod(TestInvoker.java:597)
at org.testng.internal.TestInvoker.invokeTestMethod(TestInvoker.java:173)
at org.testng.internal.MethodRunner.runInSequence(MethodRunner.java:46)
at org.testng.internal.TestInvoker$MethodInvocationAgent.invoke(TestInvoker.java:816)
at org.testng.internal.TestInvoker.invokeTestMethods(TestInvoker.java:146)
at org.testng.internal.TestMethodWorker.invokeTestMethods(TestMethodWorker.java:146)
at org.testng.internal.TestMethodWorker.run(TestMethodWorker.java:128)
at java.util.ArrayList.forEach(ArrayList.java:1257)
at org.testng.TestRunner.privateRun(TestRunner.java:766)
at org.testng.TestRunner.run(TestRunner.java:587)
at org.testng.SuiteRunner.runTest(SuiteRunner.java:384)
at org.testng.SuiteRunner.runSequentially(SuiteRunner.java:378)
at org.testng.SuiteRunner.privateRun(SuiteRunner.java:337)
at org.testng.SuiteRunner.run(SuiteRunner.java:286)
at org.testng.SuiteRunnerWorker.runSuite(SuiteRunnerWorker.java:53)
at org.testng.SuiteRunnerWorker.run(SuiteRunnerWorker.java:96)
at org.testng.TestNG.runSuitesSequentially(TestNG.java:1187)
at org.testng.TestNG.runSuitesLocally(TestNG.java:1109)
at org.testng.TestNG.runSuites(TestNG.java:1039)
at org.testng.TestNG.run(TestNG.java:1007)
at org.testng.remote.AbstractRemoteTestNG.run(AbstractRemoteTestNG.java:115)
at org.testng.remote.RemoteTestNG.initAndRun(RemoteTestNG.java:251)
at org.testng.remote.RemoteTestNG.main(RemoteTestNG.java:77)
]]>
            </full-stacktrace>
          </exception> <!-- org.openqa.selenium.NoSuchElementException -->
          <reporter-output>
          </reporter-output>
        </test-method> <!-- createNewContactFromExcelTestData -->
        <test-method status="PASS" signature="tearDown()[pri:0, instance:com.crm.qa.testcases.ContactsPageTest@59e5ddf]" name="tearDown" is-config="true" duration-ms="777" started-at="2020-05-12T13:53:01 BST" finished-at="2020-05-12T13:53:01 BST">
          <reporter-output>
          </reporter-output>
        </test-method> <!-- tearDown -->
        <test-method status="PASS" signature="setUP()[pri:0, instance:com.crm.qa.testcases.ContactsPageTest@59e5ddf]" name="setUP" is-config="true" duration-ms="13488" started-at="2020-05-12T13:53:01 BST" finished-at="2020-05-12T13:53:15 BST">
          <reporter-output>
          </reporter-output>
        </test-method> <!-- setUP -->
        <test-method status="PASS" signature="createNewContactFromExcelTestData(java.lang.String, java.lang.String, java.lang.String)[pri:0, instance:com.crm.qa.testcases.ContactsPageTest@59e5ddf]" name="createNewContactFromExcelTestData" duration-ms="7217" started-at="2020-05-12T13:53:15 BST" data-provider="createCRMContacts" finished-at="2020-05-12T13:53:22 BST">
          <params>
            <param index="0">
              <value>
                <![CDATA[Jate]]>
              </value>
            </param>
            <param index="1">
              <value>
                <![CDATA[D]]>
              </value>
            </param>
            <param index="2">
              <value>
                <![CDATA[fogle]]>
              </value>
            </param>
          </params>
          <reporter-output>
          </reporter-output>
        </test-method> <!-- createNewContactFromExcelTestData -->
        <test-method status="PASS" signature="tearDown()[pri:0, instance:com.crm.qa.testcases.ContactsPageTest@59e5ddf]" name="tearDown" is-config="true" duration-ms="764" started-at="2020-05-12T13:53:22 BST" finished-at="2020-05-12T13:53:23 BST">
          <reporter-output>
          </reporter-output>
        </test-method> <!-- tearDown -->
        <test-method status="PASS" signature="setUP()[pri:0, instance:com.crm.qa.testcases.ContactsPageTest@59e5ddf]" name="setUP" is-config="true" duration-ms="14158" started-at="2020-05-12T13:53:23 BST" finished-at="2020-05-12T13:53:37 BST">
          <reporter-output>
          </reporter-output>
        </test-method> <!-- setUP -->
        <test-method status="PASS" signature="createNewContactFromExcelTestData(java.lang.String, java.lang.String, java.lang.String)[pri:0, instance:com.crm.qa.testcases.ContactsPageTest@59e5ddf]" name="createNewContactFromExcelTestData" duration-ms="5224" started-at="2020-05-12T13:53:37 BST" data-provider="createCRMContacts" finished-at="2020-05-12T13:53:42 BST">
          <params>
            <param index="0">
              <value>
                <![CDATA[Mery]]>
              </value>
            </param>
            <param index="1">
              <value>
                <![CDATA[E]]>
              </value>
            </param>
            <param index="2">
              <value>
                <![CDATA[logel]]>
              </value>
            </param>
          </params>
          <reporter-output>
          </reporter-output>
        </test-method> <!-- createNewContactFromExcelTestData -->
        <test-method status="PASS" signature="tearDown()[pri:0, instance:com.crm.qa.testcases.ContactsPageTest@59e5ddf]" name="tearDown" is-config="true" duration-ms="784" started-at="2020-05-12T13:53:42 BST" finished-at="2020-05-12T13:53:43 BST">
          <reporter-output>
          </reporter-output>
        </test-method> <!-- tearDown -->
      </class> <!-- com.crm.qa.testcases.ContactsPageTest -->
      <class name="com.crm.qa.testcases.LoginPageTest">
        <test-method status="PASS" signature="setUP()[pri:0, instance:com.crm.qa.testcases.LoginPageTest@1b68ddbd]" name="setUP" is-config="true" duration-ms="13209" started-at="2020-05-12T13:50:40 BST" finished-at="2020-05-12T13:50:54 BST">
          <reporter-output>
          </reporter-output>
        </test-method> <!-- setUP -->
        <test-method status="PASS" signature="loginTest()[pri:3, instance:com.crm.qa.testcases.LoginPageTest@1b68ddbd]" name="loginTest" duration-ms="792" started-at="2020-05-12T13:50:54 BST" finished-at="2020-05-12T13:50:54 BST">
          <reporter-output>
          </reporter-output>
        </test-method> <!-- loginTest -->
        <test-method status="PASS" signature="tearDown()[pri:0, instance:com.crm.qa.testcases.LoginPageTest@1b68ddbd]" name="tearDown" is-config="true" duration-ms="4777" started-at="2020-05-12T13:50:54 BST" finished-at="2020-05-12T13:50:59 BST">
          <reporter-output>
          </reporter-output>
        </test-method> <!-- tearDown -->
      </class> <!-- com.crm.qa.testcases.LoginPageTest -->
    </test> <!-- Free CRM App Test Cases -->
  </suite> <!-- FREE CRM Application Test Automation Test Suite -->
</testng-results>
